<html>
<head>
<title>TestNG:  Surefire test</title>
<link href="../testng.css" rel="stylesheet" type="text/css" />
<link href="../my-testng.css" rel="stylesheet" type="text/css" />

<style type="text/css">
.log { display: none;} 
.stack-trace { display: none;} 
</style>
<script type="text/javascript">
<!--
function flip(e) {
  current = e.style.display;
  if (current == 'block') {
    e.style.display = 'none';
    return 0;
  }
  else {
    e.style.display = 'block';
    return 1;
  }
}

function toggleBox(szDivId, elem, msg1, msg2)
{
  var res = -1;  if (document.getElementById) {
    res = flip(document.getElementById(szDivId));
  }
  else if (document.all) {
    // this is the way old msie versions work
    res = flip(document.all[szDivId]);
  }
  if(elem) {
    if(res == 0) elem.innerHTML = msg1; else elem.innerHTML = msg2;
  }

}

function toggleAllBoxes() {
  if (document.getElementsByTagName) {
    d = document.getElementsByTagName('div');
    for (i = 0; i < d.length; i++) {
      if (d[i].className == 'log') {
        flip(d[i]);
      }
    }
  }
}

// -->
</script>

</head>
<body>
<h2 align='center'>Surefire test</h2><table border='1' align="center">
<tr>
<td>Tests passed/Failed/Skipped:</td><td>13/4/0</td>
</tr><tr>
<td>Started on:</td><td>Tue Jun 28 19:37:29 EET 2022</td>
</tr>
<tr><td>Total time:</td><td>171 seconds (171678 ms)</td>
</tr><tr>
<td>Included groups:</td><td></td>
</tr><tr>
<td>Excluded groups:</td><td></td>
</tr>
</table><p/>
<small><i>(Hover the method name to see the test class name)</i></small><p/>
<table width='100%' border='1' class='invocation-failed'>
<tr><td colspan='4' align='center'><b>FAILED TESTS</b></td></tr>
<tr><td><b>Test method</b></td>
<td width="30%"><b>Exception</b></td>
<td width="10%"><b>Time (seconds)</b></td>
<td><b>Instance</b></td>
</tr>
<tr>
<td title='org.example.Runner.Runner.runScenario()'><b>runScenario</b><br>Test class: org.example.Runner.Runner<br>Test method: Runs Cucumber Scenarios<br>Parameters: "user opens rss link", "users open followUs links"</td>
<td><div><pre>java.lang.IndexOutOfBoundsException: Index: 1, Size: 1
	at java.util.ArrayList.rangeCheck(ArrayList.java:659)
	at java.util.ArrayList.get(ArrayList.java:435)
	at org.example.StepDefinition.SD7FollowUs.opens_new_tab(SD7FollowUs.java:23)
	at ?.&quot;https://demo.nopcommerce.com/new-online-store-is-open&quot; is opened in new tab(file:///C:/Users/20120/Desktop/proj2/E-CommerceWebAutoTesting/src/main/resources/Features/7-FollowUs.feature:22)
</pre></div><a href='#' onClick='toggleBox("stack-trace435167872", this, "Click to show all stack frames", "Click to hide stack frames")'>Click to show all stack frames</a>
<div class='stack-trace' id='stack-trace435167872'><pre>java.lang.IndexOutOfBoundsException: Index: 1, Size: 1
	at java.util.ArrayList.rangeCheck(ArrayList.java:659)
	at java.util.ArrayList.get(ArrayList.java:435)
	at org.example.StepDefinition.SD7FollowUs.opens_new_tab(SD7FollowUs.java:23)
	at ?.&quot;https://demo.nopcommerce.com/new-online-store-is-open&quot; is opened in new tab(file:///C:/Users/20120/Desktop/proj2/E-CommerceWebAutoTesting/src/main/resources/Features/7-FollowUs.feature:22)
</pre></div></td>
<td>10</td>
<td>org.example.Runner.Runner@467aecef</td></tr>
<tr>
<td title='org.example.Runner.Runner.runScenario()'><b>runScenario</b><br>Test class: org.example.Runner.Runner<br>Test method: Runs Cucumber Scenarios<br>Parameters: "First slider clickable on homepage", "users will open sliders in home page"</td>
<td><div><pre>java.lang.AssertionError: URL of First Slide expected [https://demo.nopcommerce.com/nokia-lumia-1020] but found [https://demo.nopcommerce.com/]
	at org.example.StepDefinition.SD6HomeSliders.first_slide_displayed(SD6HomeSliders.java:23)
	at ?.relative product for first slider will displayed(file:///C:/Users/20120/Desktop/proj2/E-CommerceWebAutoTesting/src/main/resources/Features/6-HomeSliders.feature:6)
... Removed 5 stack frames</pre></div><a href='#' onClick='toggleBox("stack-trace1578365270", this, "Click to show all stack frames", "Click to hide stack frames")'>Click to show all stack frames</a>
<div class='stack-trace' id='stack-trace1578365270'><pre>java.lang.AssertionError: URL of First Slide expected [https://demo.nopcommerce.com/nokia-lumia-1020] but found [https://demo.nopcommerce.com/]
	at org.testng.Assert.fail(Assert.java:110)
	at org.testng.Assert.failNotEquals(Assert.java:1413)
	at org.testng.Assert.assertEqualsImpl(Assert.java:149)
	at org.testng.Assert.assertEquals(Assert.java:131)
	at org.testng.Assert.assertEquals(Assert.java:655)
	at org.example.StepDefinition.SD6HomeSliders.first_slide_displayed(SD6HomeSliders.java:23)
	at ?.relative product for first slider will displayed(file:///C:/Users/20120/Desktop/proj2/E-CommerceWebAutoTesting/src/main/resources/Features/6-HomeSliders.feature:6)
</pre></div></td>
<td>7</td>
<td>org.example.Runner.Runner@467aecef</td></tr>
<tr>
<td title='org.example.Runner.Runner.runScenario()'><b>runScenario</b><br>Test class: org.example.Runner.Runner<br>Test method: Runs Cucumber Scenarios<br>Parameters: "user login with invalid data", "user login to the system"</td>
<td><div><pre>java.lang.AssertionError: The following asserts failed:
	Wrong Message expected [Login was unsuccessful. Please correct the errors and try again.
The credentials provided are incorrect] but found [Login was unsuccessful. Please correct the errors and try again.
No customer account found]
	at org.example.StepDefinition.SD2Login.cannot_login_successfully(SD2Login.java:59)
	at ?.user not login successfully and go to home page(file:///C:/Users/20120/Desktop/proj2/E-CommerceWebAutoTesting/src/main/resources/Features/2-Login.feature:15)
... Removed 2 stack frames</pre></div><a href='#' onClick='toggleBox("stack-trace1320826684", this, "Click to show all stack frames", "Click to hide stack frames")'>Click to show all stack frames</a>
<div class='stack-trace' id='stack-trace1320826684'><pre>java.lang.AssertionError: The following asserts failed:
	Wrong Message expected [Login was unsuccessful. Please correct the errors and try again.
The credentials provided are incorrect] but found [Login was unsuccessful. Please correct the errors and try again.
No customer account found]
	at org.testng.asserts.SoftAssert.assertAll(SoftAssert.java:46)
	at org.testng.asserts.SoftAssert.assertAll(SoftAssert.java:30)
	at org.example.StepDefinition.SD2Login.cannot_login_successfully(SD2Login.java:59)
	at ?.user not login successfully and go to home page(file:///C:/Users/20120/Desktop/proj2/E-CommerceWebAutoTesting/src/main/resources/Features/2-Login.feature:15)
</pre></div></td>
<td>13</td>
<td>org.example.Runner.Runner@467aecef</td></tr>
<tr>
<td title='org.example.Runner.Runner.runScenario()'><b>runScenario</b><br>Test class: org.example.Runner.Runner<br>Test method: Runs Cucumber Scenarios<br>Parameters: "Second slider clickable on homepage", "users will open sliders in home page"</td>
<td><div><pre>java.lang.AssertionError: URL of Second Slide expected [https://demo.nopcommerce.com/iphone-6] but found [https://demo.nopcommerce.com/]
	at org.example.StepDefinition.SD6HomeSliders.second_slide_displayed(SD6HomeSliders.java:37)
	at ?.relative product for second slider will displayed(file:///C:/Users/20120/Desktop/proj2/E-CommerceWebAutoTesting/src/main/resources/Features/6-HomeSliders.feature:11)
... Removed 5 stack frames</pre></div><a href='#' onClick='toggleBox("stack-trace1651923692", this, "Click to show all stack frames", "Click to hide stack frames")'>Click to show all stack frames</a>
<div class='stack-trace' id='stack-trace1651923692'><pre>java.lang.AssertionError: URL of Second Slide expected [https://demo.nopcommerce.com/iphone-6] but found [https://demo.nopcommerce.com/]
	at org.testng.Assert.fail(Assert.java:110)
	at org.testng.Assert.failNotEquals(Assert.java:1413)
	at org.testng.Assert.assertEqualsImpl(Assert.java:149)
	at org.testng.Assert.assertEquals(Assert.java:131)
	at org.testng.Assert.assertEquals(Assert.java:655)
	at org.example.StepDefinition.SD6HomeSliders.second_slide_displayed(SD6HomeSliders.java:37)
	at ?.relative product for second slider will displayed(file:///C:/Users/20120/Desktop/proj2/E-CommerceWebAutoTesting/src/main/resources/Features/6-HomeSliders.feature:11)
</pre></div></td>
<td>7</td>
<td>org.example.Runner.Runner@467aecef</td></tr>
</table><p>
<table width='100%' border='1' class='invocation-passed'>
<tr><td colspan='4' align='center'><b>PASSED TESTS</b></td></tr>
<tr><td><b>Test method</b></td>
<td width="30%"><b>Exception</b></td>
<td width="10%"><b>Time (seconds)</b></td>
<td><b>Instance</b></td>
</tr>
<tr>
<td title='org.example.Runner.Runner.runScenario()'><b>runScenario</b><br>Test class: org.example.Runner.Runner<br>Test method: Runs Cucumber Scenarios<br>Parameters: "user opens twitter link", "users open followUs links"</td>
<td></td>
<td>10</td>
<td>org.example.Runner.Runner@467aecef</td></tr>
<tr>
<td title='org.example.Runner.Runner.runScenario()'><b>runScenario</b><br>Test class: org.example.Runner.Runner<br>Test method: Runs Cucumber Scenarios<br>Parameters: "user opens youtube link", "users open followUs links"</td>
<td></td>
<td>10</td>
<td>org.example.Runner.Runner@467aecef</td></tr>
<tr>
<td title='org.example.Runner.Runner.runScenario()'><b>runScenario</b><br>Test class: org.example.Runner.Runner<br>Test method: Runs Cucumber Scenarios<br>Parameters: "added items are display on wishlist", "guest user add products to wishlist"</td>
<td></td>
<td>10</td>
<td>org.example.Runner.Runner@467aecef</td></tr>
<tr>
<td title='org.example.Runner.Runner.runScenario()'><b>runScenario</b><br>Test class: org.example.Runner.Runner<br>Test method: Runs Cucumber Scenarios<br>Parameters: "user login with valid data", "user login to the system"</td>
<td></td>
<td>10</td>
<td>org.example.Runner.Runner@467aecef</td></tr>
<tr>
<td title='org.example.Runner.Runner.runScenario()'><b>runScenario</b><br>Test class: org.example.Runner.Runner<br>Test method: Runs Cucumber Scenarios<br>Parameters: "user register with valid data", "user must be create new account"</td>
<td></td>
<td>9</td>
<td>org.example.Runner.Runner@467aecef</td></tr>
<tr>
<td title='org.example.Runner.Runner.runScenario()'><b>runScenario</b><br>Test class: org.example.Runner.Runner<br>Test method: Runs Cucumber Scenarios<br>Parameters: "user opens facebook link", "users open followUs links"</td>
<td></td>
<td>10</td>
<td>org.example.Runner.Runner@467aecef</td></tr>
<tr>
<td title='org.example.Runner.Runner.runScenario()'><b>runScenario</b><br>Test class: org.example.Runner.Runner<br>Test method: Runs Cucumber Scenarios<br>Parameters: "user search using invalid product name", "users will be search for products with different parameters"</td>
<td></td>
<td>12</td>
<td>org.example.Runner.Runner@467aecef</td></tr>
<tr>
<td title='org.example.Runner.Runner.runScenario()'><b>runScenario</b><br>Test class: org.example.Runner.Runner<br>Test method: Runs Cucumber Scenarios<br>Parameters: "user hover categories", "user hover categories and select subcategory"</td>
<td></td>
<td>7</td>
<td>org.example.Runner.Runner@467aecef</td></tr>
<tr>
<td title='org.example.Runner.Runner.runScenario()'><b>runScenario</b><br>Test class: org.example.Runner.Runner<br>Test method: Runs Cucumber Scenarios<br>Parameters: "success message will visible after adding item to wishlist", "guest user add products to wishlist"</td>
<td></td>
<td>8</td>
<td>org.example.Runner.Runner@467aecef</td></tr>
<tr>
<td title='org.example.Runner.Runner.runScenario()'><b>runScenario</b><br>Test class: org.example.Runner.Runner<br>Test method: Runs Cucumber Scenarios<br>Parameters: "number of wishlist items in home page will increased", "guest user add products to wishlist"</td>
<td></td>
<td>8</td>
<td>org.example.Runner.Runner@467aecef</td></tr>
<tr>
<td title='org.example.Runner.Runner.runScenario()'><b>runScenario</b><br>Test class: org.example.Runner.Runner<br>Test method: Runs Cucumber Scenarios<br>Parameters: "user search using SKU", "users will be search for products with different parameters"</td>
<td></td>
<td>10</td>
<td>org.example.Runner.Runner@467aecef</td></tr>
<tr>
<td title='org.example.Runner.Runner.runScenario()'><b>runScenario</b><br>Test class: org.example.Runner.Runner<br>Test method: Runs Cucumber Scenarios<br>Parameters: "guest user can choose € currency", "user switch between currencies ($, €)"</td>
<td></td>
<td>13</td>
<td>org.example.Runner.Runner@467aecef</td></tr>
<tr>
<td title='org.example.Runner.Runner.runScenario()'><b>runScenario</b><br>Test class: org.example.Runner.Runner<br>Test method: Runs Cucumber Scenarios<br>Parameters: "user search using valid product name", "users will be search for products with different parameters"</td>
<td></td>
<td>9</td>
<td>org.example.Runner.Runner@467aecef</td></tr>
</table><p>
</body>
</html>